#
# There is insufficient memory for the Java Runtime Environment to continue.
# Native memory allocation (malloc) failed to allocate 480104 bytes for AllocateHeap
# Possible reasons:
#   The system is out of physical RAM or swap space
#   In 32 bit mode, the process size limit was hit
# Possible solutions:
#   Reduce memory load on the system
#   Increase physical memory or swap space
#   Check if swap backing store is full
#   Use 64 bit Java on a 64 bit OS
#   Decrease Java heap size (-Xmx/-Xms)
#   Decrease number of Java threads
#   Decrease Java thread stack sizes (-Xss)
#   Set larger code cache with -XX:ReservedCodeCacheSize=
# This output file may be truncated or incomplete.
#
#  Out of Memory Error (memory/allocation.inline.hpp:61), pid=10568, tid=2408
#
# JRE version:  (8.0_73-b02) (build )
# Java VM: Java HotSpot(TM) 64-Bit Server VM (25.73-b02 mixed mode windows-amd64 compressed oops)
# Failed to write core dump. Minidumps are not enabled by default on client versions of Windows
#

---------------  T H R E A D  ---------------

Current thread (0x0000000001cd0800):  JavaThread "Unknown thread" [_thread_in_vm, id=2408, stack(0x0000000001bd0000,0x0000000001cd0000)]

Stack: [0x0000000001bd0000,0x0000000001cd0000]
[error occurred during error reporting (printing stack bounds), id 0xc0000005]

Native frames: (J=compiled Java code, j=interpreted, Vv=VM code, C=native code)


---------------  P R O C E S S  ---------------

Java Threads: ( => current thread )

Other Threads:

=>0x0000000001cd0800 (exited) JavaThread "Unknown thread" [_thread_in_vm, id=2408, stack(0x0000000001bd0000,0x0000000001cd0000)]

VM state:not at safepoint (not fully initialized)

VM Mutex/Monitor currently owned by a thread: None

GC Heap History (0 events):
No events

Deoptimization events (0 events):
No events

Internal exceptions (0 events):
No events

Events (0 events):
No events


Dynamic libraries:
0x00007ff68a690000 - 0x00007ff68a6c7000 	C:\Program Files\Java\jre1.8.0_73\bin\java.exe
0x00007ff86dbb0000 - 0x00007ff86dd5c000 	C:\Windows\SYSTEM32\ntdll.dll
0x00007ff86da50000 - 0x00007ff86db8e000 	C:\Windows\system32\KERNEL32.DLL
0x00007ff86b0c0000 - 0x00007ff86b1d5000 	C:\Windows\system32\KERNELBASE.dll
0x00007ff8698c0000 - 0x00007ff86994e000 	C:\Windows\system32\apphelp.dll
0x00007ff846ed0000 - 0x00007ff846f23000 	C:\Windows\AppPatch\AppPatch64\AcGenral.DLL
0x00007ff86b240000 - 0x00007ff86b2ea000 	C:\Windows\system32\msvcrt.dll
0x00007ff86abb0000 - 0x00007ff86abde000 	C:\Windows\SYSTEM32\SspiCli.dll
0x00007ff86b5a0000 - 0x00007ff86b5f4000 	C:\Windows\system32\SHLWAPI.dll
0x00007ff86d370000 - 0x00007ff86d4e7000 	C:\Windows\system32\USER32.dll
0x00007ff86d1d0000 - 0x00007ff86d364000 	C:\Windows\system32\ole32.dll
0x00007ff86b940000 - 0x00007ff86ce58000 	C:\Windows\system32\SHELL32.dll
0x00007ff86a1c0000 - 0x00007ff86a1e1000 	C:\Windows\SYSTEM32\USERENV.dll
0x00007ff86d570000 - 0x00007ff86d61a000 	C:\Windows\system32\ADVAPI32.dll
0x00007ff85a480000 - 0x00007ff85a49e000 	C:\Windows\SYSTEM32\MPR.dll
0x00007ff86b300000 - 0x00007ff86b441000 	C:\Windows\system32\RPCRT4.dll
0x00007ff86d750000 - 0x00007ff86d7a9000 	C:\Windows\SYSTEM32\sechost.dll
0x00007ff86b650000 - 0x00007ff86b861000 	C:\Windows\SYSTEM32\combase.dll
0x00007ff86b450000 - 0x00007ff86b5a0000 	C:\Windows\system32\GDI32.dll
0x00007ff86ad10000 - 0x00007ff86ad25000 	C:\Windows\SYSTEM32\profapi.dll
0x00007ff869550000 - 0x00007ff869602000 	C:\Windows\SYSTEM32\SHCORE.dll
0x00007ff86b610000 - 0x00007ff86b646000 	C:\Windows\system32\IMM32.DLL
0x00007ff86ce60000 - 0x00007ff86cfb1000 	C:\Windows\system32\MSCTF.dll
0x00007ff863f80000 - 0x00007ff8641fa000 	C:\Windows\WinSxS\amd64_microsoft.windows.common-controls_6595b64144ccf1df_6.0.9600.17810_none_6240b9c7ecbd0bda\COMCTL32.dll
0x0000000071720000 - 0x00000000717f2000 	C:\Program Files\Java\jre1.8.0_73\bin\msvcr100.dll
0x0000000070e90000 - 0x0000000071720000 	C:\Program Files\Java\jre1.8.0_73\bin\server\jvm.dll
0x00007ff865ae0000 - 0x00007ff865ae9000 	C:\Windows\SYSTEM32\WSOCK32.dll
0x00007ff85ab40000 - 0x00007ff85ab62000 	C:\Windows\SYSTEM32\WINMM.dll
0x00007ff867630000 - 0x00007ff86763a000 	C:\Windows\SYSTEM32\VERSION.dll
0x00007ff86d560000 - 0x00007ff86d567000 	C:\Windows\system32\PSAPI.DLL
0x00007ff86d4f0000 - 0x00007ff86d54a000 	C:\Windows\system32\WS2_32.dll
0x00007ff85ab10000 - 0x00007ff85ab3a000 	C:\Windows\SYSTEM32\WINMMBASE.dll
0x00007ff86d550000 - 0x00007ff86d559000 	C:\Windows\system32\NSI.dll
0x00007ff86b070000 - 0x00007ff86b0bf000 	C:\Windows\SYSTEM32\cfgmgr32.dll
0x00007ff869b00000 - 0x00007ff869b28000 	C:\Windows\SYSTEM32\DEVOBJ.dll
0x00000000724f0000 - 0x00000000724ff000 	C:\Program Files\Java\jre1.8.0_73\bin\verify.dll
0x0000000070e60000 - 0x0000000070e89000 	C:\Program Files\Java\jre1.8.0_73\bin\java.dll
0x00000000724d0000 - 0x00000000724e6000 	C:\Program Files\Java\jre1.8.0_73\bin\zip.dll

VM Arguments:
java_command: <unknown>
java_class_path (initial): .
Launcher Type: SUN_STANDARD

Environment Variables:
JAVA_HOME=C:\Program Files\Java\jdk1.8.0_05
PATH=C:\ProgramData\Oracle\Java\javapath;C:\Program Files (x86)\Python27\;C:\Program Files (x86)\Python27\Scripts;C:\Program Files\MATLAB\R2012b\runtime\win64;C:\Program Files\MATLAB\R2012b\bin;C:\Program Files (x86)\Skype\Phone\;C:\Program Files (x86)\Microsoft SQL Server\80\Tools\Binn\;C:\Users\scolary\AppData\Roaming\Python\Scripts;C:\Program Files\Java\jdk1.8.0_05\bin;C:\Windows\system32
USERNAME=scolary
OS=Windows_NT
PROCESSOR_IDENTIFIER=Intel64 Family 6 Model 60 Stepping 3, GenuineIntel



---------------  S Y S T E M  ---------------

OS: Windows 8.1 , 64 bit Build 9600 (6.3.9600.17415)

CPU:total 4 (2 cores per cpu, 2 threads per core) family 6 model 60 stepping 3, cmov, cx8, fxsr, mmx, sse, sse2, sse3, ssse3, sse4.1, sse4.2, popcnt, avx, avx2, aes, clmul, erms, lzcnt, ht, tsc, tscinvbit, bmi1, bmi2

Memory: 4k page, physical 8306260k(1352040k free), swap 12423444k(5440k free)

vm_info: Java HotSpot(TM) 64-Bit Server VM (25.73-b02) for windows-amd64 JRE (1.8.0_73-b02), built on Jan 29 2016 17:38:49 by "java_re" with MS VC++ 10.0 (VS2010)

time: Mon Feb 22 03:09:30 2016
elapsed time: 0 seconds (0d 0h 0m 0s)

