#
# There is insufficient memory for the Java Runtime Environment to continue.
# Native memory allocation (malloc) failed to allocate 1048576 bytes for AllocateHeap
# Possible reasons:
#   The system is out of physical RAM or swap space
#   In 32 bit mode, the process size limit was hit
# Possible solutions:
#   Reduce memory load on the system
#   Increase physical memory or swap space
#   Check if swap backing store is full
#   Use 64 bit Java on a 64 bit OS
#   Decrease Java heap size (-Xmx/-Xms)
#   Decrease number of Java threads
#   Decrease Java thread stack sizes (-Xss)
#   Set larger code cache with -XX:ReservedCodeCacheSize=
# This output file may be truncated or incomplete.
#
#  Out of Memory Error (memory/allocation.inline.hpp:62), pid=11400, tid=6824
#
# JRE version:  (8.0_31-b13) (build )
# Java VM: Java HotSpot(TM) 64-Bit Server VM (25.31-b07 mixed mode windows-amd64 compressed oops)
# Failed to write core dump. Minidumps are not enabled by default on client versions of Windows
#

---------------  T H R E A D  ---------------

Current thread (0x00000000022b0800):  JavaThread "Unknown thread" [_thread_in_vm, id=6824, stack(0x0000000002170000,0x0000000002270000)]

Stack: [0x0000000002170000,0x0000000002270000]
Native frames: (J=compiled Java code, j=interpreted, Vv=VM code, C=native code)
V  [jvm.dll+0x3169ba]
V  [jvm.dll+0x2674c3]
V  [jvm.dll+0x268103]
V  [jvm.dll+0x25f8f5]
V  [jvm.dll+0x25e94f]
V  [jvm.dll+0x3d6aac]
V  [jvm.dll+0x3d2017]
V  [jvm.dll+0xe54d2]
V  [jvm.dll+0x1fa089]
V  [jvm.dll+0x22b694]
V  [jvm.dll+0x14d8c1]
C  [java.exe+0x20b6]
C  [java.exe+0xc9bb]
C  [java.exe+0xca4f]
C  [KERNEL32.DLL+0x13d2]
C  [ntdll.dll+0x15454]


---------------  P R O C E S S  ---------------

Java Threads: ( => current thread )

Other Threads:

=>0x00000000022b0800 (exited) JavaThread "Unknown thread" [_thread_in_vm, id=6824, stack(0x0000000002170000,0x0000000002270000)]

VM state:not at safepoint (normal execution)

VM Mutex/Monitor currently owned by a thread: None

Heap:
 PSYoungGen      total 38400K, used 665K [0x00000000d5c00000, 0x00000000d8680000, 0x0000000100000000)
  eden space 33280K, 2% used [0x00000000d5c00000,0x00000000d5ca6670,0x00000000d7c80000)
  from space 5120K, 0% used [0x00000000d8180000,0x00000000d8180000,0x00000000d8680000)
  to   space 5120K, 0% used [0x00000000d7c80000,0x00000000d7c80000,0x00000000d8180000)
 ParOldGen       total 87552K, used 0K [0x0000000081400000, 0x0000000086980000, 0x00000000d5c00000)
  object space 87552K, 0% used [0x0000000081400000,0x0000000081400000,0x0000000086980000)
 Metaspace       used 657K, capacity 4480K, committed 4480K, reserved 1056768K
  class space    used 67K, capacity 384K, committed 384K, reserved 1048576K

Card table byte_map: [0x0000000011820000,0x0000000011c20000] byte_map_base: 0x0000000011416000

Marking Bits: (ParMarkBitMap*) 0x00000000633bd4f0
 Begin Bits: [0x00000000122d0000, 0x0000000014280000)
 End Bits:   [0x0000000014280000, 0x0000000016230000)

Polling page: 0x0000000002280000

CodeCache: size=245760Kb used=327Kb max_used=327Kb free=245432Kb
 bounds [0x0000000002460000, 0x00000000026d0000, 0x0000000011460000]
 total_blobs=56 nmethods=0 adapters=37
 compilation: enabled

Compilation events (0 events):
No events

GC Heap History (0 events):
No events

Deoptimization events (0 events):
No events

Internal exceptions (0 events):
No events

Events (10 events):
Event: 0.951 loading class java/lang/Short
Event: 0.951 loading class java/lang/Short done
Event: 0.951 loading class java/lang/Integer
Event: 0.951 loading class java/lang/Integer done
Event: 0.951 loading class java/lang/Long
Event: 0.952 loading class java/lang/Long done
Event: 0.954 loading class java/lang/NullPointerException
Event: 0.954 loading class java/lang/NullPointerException done
Event: 0.954 loading class java/lang/ArithmeticException
Event: 0.954 loading class java/lang/ArithmeticException done


Dynamic libraries:
0x00007ff615c70000 - 0x00007ff615ca4000 	C:\Program Files\Java\jre1.8.0_31\bin\java.exe
0x00007ffd0df90000 - 0x00007ffd0e13c000 	C:\Windows\SYSTEM32\ntdll.dll
0x00007ffd0bfa0000 - 0x00007ffd0c0de000 	C:\Windows\system32\KERNEL32.DLL
0x00007ffd0b3a0000 - 0x00007ffd0b4b5000 	C:\Windows\system32\KERNELBASE.dll
0x00007ffd09230000 - 0x00007ffd092be000 	C:\Windows\system32\apphelp.dll
0x00007ffcf38d0000 - 0x00007ffcf3923000 	C:\Windows\AppPatch\AppPatch64\AcGenral.DLL
0x00007ffd0dc10000 - 0x00007ffd0dcba000 	C:\Windows\system32\msvcrt.dll
0x00007ffd0af90000 - 0x00007ffd0afbe000 	C:\Windows\SYSTEM32\SspiCli.dll
0x00007ffd0dcc0000 - 0x00007ffd0dd14000 	C:\Windows\system32\SHLWAPI.dll
0x00007ffd0d9c0000 - 0x00007ffd0db37000 	C:\Windows\system32\USER32.dll
0x00007ffd0bbd0000 - 0x00007ffd0bd64000 	C:\Windows\system32\ole32.dll
0x00007ffd0c460000 - 0x00007ffd0d978000 	C:\Windows\system32\SHELL32.dll
0x00007ffd0a210000 - 0x00007ffd0a231000 	C:\Windows\SYSTEM32\USERENV.dll
0x00007ffd0db60000 - 0x00007ffd0dc0a000 	C:\Windows\system32\ADVAPI32.dll
0x00007ffcfa4e0000 - 0x00007ffcfa4fe000 	C:\Windows\SYSTEM32\MPR.dll
0x00007ffd0c310000 - 0x00007ffd0c451000 	C:\Windows\system32\RPCRT4.dll
0x00007ffd0dd20000 - 0x00007ffd0dd79000 	C:\Windows\SYSTEM32\sechost.dll
0x00007ffd0b9b0000 - 0x00007ffd0bbc1000 	C:\Windows\SYSTEM32\combase.dll
0x00007ffd0bd70000 - 0x00007ffd0bec0000 	C:\Windows\system32\GDI32.dll
0x00007ffd0b0f0000 - 0x00007ffd0b105000 	C:\Windows\SYSTEM32\profapi.dll
0x00007ffd0a730000 - 0x00007ffd0a7e2000 	C:\Windows\SYSTEM32\SHCORE.dll
0x00007ffd0d980000 - 0x00007ffd0d9b6000 	C:\Windows\system32\IMM32.DLL
0x00007ffd0c1b0000 - 0x00007ffd0c301000 	C:\Windows\system32\MSCTF.dll
0x00007ffd0ac80000 - 0x00007ffd0aefa000 	C:\Windows\WinSxS\amd64_microsoft.windows.common-controls_6595b64144ccf1df_6.0.9600.17810_none_6240b9c7ecbd0bda\COMCTL32.dll
0x0000000063440000 - 0x0000000063512000 	C:\Program Files\Java\jre1.8.0_31\bin\msvcr100.dll
0x0000000062be0000 - 0x000000006343a000 	C:\Program Files\Java\jre1.8.0_31\bin\server\jvm.dll
0x00007ffd02e70000 - 0x00007ffd02e79000 	C:\Windows\SYSTEM32\WSOCK32.dll
0x00007ffcfa530000 - 0x00007ffcfa552000 	C:\Windows\SYSTEM32\WINMM.dll
0x00007ffd0bed0000 - 0x00007ffd0bed7000 	C:\Windows\system32\PSAPI.DLL
0x00007ffd0df20000 - 0x00007ffd0df7a000 	C:\Windows\system32\WS2_32.dll
0x00007ffcfa500000 - 0x00007ffcfa52a000 	C:\Windows\SYSTEM32\WINMMBASE.dll
0x00007ffd0dd80000 - 0x00007ffd0dd89000 	C:\Windows\system32\NSI.dll
0x00007ffd0b570000 - 0x00007ffd0b5bf000 	C:\Windows\SYSTEM32\cfgmgr32.dll
0x00007ffd09480000 - 0x00007ffd094a8000 	C:\Windows\SYSTEM32\DEVOBJ.dll
0x0000000062bd0000 - 0x0000000062bdf000 	C:\Program Files\Java\jre1.8.0_31\bin\verify.dll
0x0000000062ba0000 - 0x0000000062bc8000 	C:\Program Files\Java\jre1.8.0_31\bin\java.dll
0x0000000062b80000 - 0x0000000062b96000 	C:\Program Files\Java\jre1.8.0_31\bin\zip.dll
0x00007ffd09740000 - 0x00007ffd098ca000 	C:\Windows\SYSTEM32\dbghelp.dll

VM Arguments:
java_command: <unknown>
java_class_path (initial): .
Launcher Type: SUN_STANDARD

Environment Variables:
JAVA_HOME=C:\Program Files\Java\jdk1.8.0_05
PATH=C:\Program Files (x86)\Python27\;C:\Program Files (x86)\Python27\Scripts;C:\Program Files\MATLAB\R2012b\runtime\win64;C:\Program Files\MATLAB\R2012b\bin;C:\Program Files (x86)\Skype\Phone\;C:\Program Files (x86)\Microsoft SQL Server\80\Tools\Binn\;C:\Users\scolary\AppData\Roaming\Python\Scripts;C:\Program Files\Java\jdk1.8.0_05\bin;C:\Windows\system32
USERNAME=scolary
OS=Windows_NT
PROCESSOR_IDENTIFIER=Intel64 Family 6 Model 60 Stepping 3, GenuineIntel



---------------  S Y S T E M  ---------------

OS: Windows 8.1 , 64 bit Build 9600 

CPU:total 4 (2 cores per cpu, 2 threads per core) family 6 model 60 stepping 3, cmov, cx8, fxsr, mmx, sse, sse2, sse3, ssse3, sse4.1, sse4.2, popcnt, avx, avx2, aes, clmul, erms, lzcnt, ht, tsc, tscinvbit, bmi1, bmi2

Memory: 4k page, physical 8306260k(1399548k free), swap 12914260k(5148k free)

vm_info: Java HotSpot(TM) 64-Bit Server VM (25.31-b07) for windows-amd64 JRE (1.8.0_31-b13), built on Dec 17 2014 21:00:28 by "java_re" with MS VC++ 10.0 (VS2010)

time: Wed Feb 10 02:14:21 2016
elapsed time: 1 seconds (0d 0h 0m 1s)

