#
# There is insufficient memory for the Java Runtime Environment to continue.
# Native memory allocation (malloc) failed to allocate 876976 bytes for Chunk::new
# Possible reasons:
#   The system is out of physical RAM or swap space
#   In 32 bit mode, the process size limit was hit
# Possible solutions:
#   Reduce memory load on the system
#   Increase physical memory or swap space
#   Check if swap backing store is full
#   Use 64 bit Java on a 64 bit OS
#   Decrease Java heap size (-Xmx/-Xms)
#   Decrease number of Java threads
#   Decrease Java thread stack sizes (-Xss)
#   Set larger code cache with -XX:ReservedCodeCacheSize=
# This output file may be truncated or incomplete.
#
#  Out of Memory Error (allocation.cpp:388), pid=4352, tid=6036
#
# JRE version: Java(TM) SE Runtime Environment (8.0_05-b13) (build 1.8.0_05-b13)
# Java VM: Java HotSpot(TM) 64-Bit Server VM (25.5-b02 mixed mode windows-amd64 compressed oops)
# Failed to write core dump. Minidumps are not enabled by default on client versions of Windows
#

---------------  T H R E A D  ---------------

Current thread (0x0000000014c1f000):  JavaThread "C2 CompilerThread0" daemon [_thread_in_native, id=6036, stack(0x0000000016180000,0x0000000016280000)]

Stack: [0x0000000016180000,0x0000000016280000]
Native frames: (J=compiled Java code, j=interpreted, Vv=VM code, C=native code)
V  [jvm.dll+0x308dea]


Current CompileTask:
C2:   6535 2157       4       com.android.dx.merge.DexMerger::transformClassDef (160 bytes)


---------------  P R O C E S S  ---------------

Java Threads: ( => current thread )
  0x0000000016490800 JavaThread "Service Thread" daemon [_thread_blocked, id=8116, stack(0x0000000016880000,0x0000000016980000)]
  0x0000000014c29800 JavaThread "C1 CompilerThread2" daemon [_thread_blocked, id=8808, stack(0x0000000016380000,0x0000000016480000)]
  0x0000000014c24800 JavaThread "C2 CompilerThread1" daemon [_thread_in_native, id=4512, stack(0x0000000016280000,0x0000000016380000)]
=>0x0000000014c1f000 JavaThread "C2 CompilerThread0" daemon [_thread_in_native, id=6036, stack(0x0000000016180000,0x0000000016280000)]
  0x0000000014c1c000 JavaThread "Attach Listener" daemon [_thread_blocked, id=2344, stack(0x0000000016080000,0x0000000016180000)]
  0x0000000014c1b000 JavaThread "Signal Dispatcher" daemon [_thread_blocked, id=1736, stack(0x0000000015f80000,0x0000000016080000)]
  0x0000000002545000 JavaThread "Finalizer" daemon [_thread_blocked, id=8676, stack(0x0000000015e80000,0x0000000015f80000)]
  0x0000000014be8000 JavaThread "Reference Handler" daemon [_thread_blocked, id=8692, stack(0x0000000015d80000,0x0000000015e80000)]
  0x0000000002450800 JavaThread "main" [_thread_blocked, id=6368, stack(0x0000000002350000,0x0000000002450000)]

Other Threads:
  0x0000000014be6800 VMThread [stack: 0x0000000015c80000,0x0000000015d80000] [id=1116]
  0x0000000014c7e000 WatcherThread [stack: 0x0000000016980000,0x0000000016a80000] [id=5444]

VM state:not at safepoint (normal execution)

VM Mutex/Monitor currently owned by a thread: None

Heap:
 PSYoungGen      total 37888K, used 28983K [0x00000000eab00000, 0x00000000ee180000, 0x0000000100000000)
  eden space 33792K, 75% used [0x00000000eab00000,0x00000000ec3c5368,0x00000000ecc00000)
  from space 4096K, 88% used [0x00000000ecc00000,0x00000000ecf88960,0x00000000ed000000)
  to   space 4096K, 0% used [0x00000000edd80000,0x00000000edd80000,0x00000000ee180000)
 ParOldGen       total 129536K, used 57746K [0x00000000c0000000, 0x00000000c7e80000, 0x00000000eab00000)
  object space 129536K, 44% used [0x00000000c0000000,0x00000000c38648d0,0x00000000c7e80000)
 Metaspace       used 6529K, capacity 7358K, committed 7680K, reserved 1056768K
  class space    used 662K, capacity 689K, committed 768K, reserved 1048576K

Card table byte_map: [0x0000000011910000,0x0000000011b20000] byte_map_base: 0x0000000011310000

Marking Bits: (ParMarkBitMap*) 0x00000000731613b0
 Begin Bits: [0x0000000012080000, 0x0000000013080000)
 End Bits:   [0x0000000013080000, 0x0000000014080000)

Polling page: 0x0000000000a80000

CodeCache: size=245760Kb used=7596Kb max_used=7596Kb free=238163Kb
 bounds [0x0000000002550000, 0x0000000002cd0000, 0x0000000011550000]
 total_blobs=2474 nmethods=2189 adapters=199
 compilation: enabled

Compilation events (10 events):
Event: 4.386 Thread 0x0000000014c29800 2182       1       com.android.dx.io.instructions.SparseSwitchPayloadDecodedInstruction::getKeys (5 bytes)
Event: 4.386 Thread 0x0000000014c29800 nmethod 2182 0x0000000002caae50 code [0x0000000002caafa0, 0x0000000002cab0b0]
Event: 4.386 Thread 0x0000000014c29800 2183       1       com.android.dx.io.instructions.SparseSwitchPayloadDecodedInstruction::getTargets (5 bytes)
Event: 4.386 Thread 0x0000000014c29800 nmethod 2183 0x0000000002ca1ad0 code [0x0000000002ca1c20, 0x0000000002ca1d30]
Event: 4.390 Thread 0x0000000014c24800 nmethod 2170 0x0000000002cb6550 code [0x0000000002cb6780, 0x0000000002cb7700]
Event: 4.391 Thread 0x0000000014c24800 2175       4       com.android.dx.merge.SortableType::tryAssignDepth (134 bytes)
Event: 4.398 Thread 0x0000000014c29800 2184       1       com.android.dx.io.instructions.FiveRegisterDecodedInstruction::getRegisterCount (2 bytes)
Event: 4.398 Thread 0x0000000014c29800 nmethod 2184 0x0000000002ca1810 code [0x0000000002ca1960, 0x0000000002ca1a70]
Event: 4.411 Thread 0x0000000014c24800 nmethod 2175 0x0000000002cb8cd0 code [0x0000000002cb8e80, 0x0000000002cb9998]
Event: 4.411 Thread 0x0000000014c24800 2173       4       com.android.dex.Dex$Section::readClassDef (78 bytes)

GC Heap History (10 events):
Event: 3.673 GC heap before
{Heap before GC invocations=15 (full 0):
 PSYoungGen      total 18944K, used 16421K [0x00000000eab00000, 0x00000000ec180000, 0x0000000100000000)
  eden space 14848K, 100% used [0x00000000eab00000,0x00000000eb980000,0x00000000eb980000)
  from space 4096K, 38% used [0x00000000ebd80000,0x00000000ebf09460,0x00000000ec180000)
  to   space 4096K, 0% used [0x00000000eb980000,0x00000000eb980000,0x00000000ebd80000)
 ParOldGen       total 129536K, used 13783K [0x00000000c0000000, 0x00000000c7e80000, 0x00000000eab00000)
  object space 129536K, 10% used [0x00000000c0000000,0x00000000c0d75ea8,0x00000000c7e80000)
 Metaspace       used 6360K, capacity 7252K, committed 7424K, reserved 1056768K
  class space    used 648K, capacity 652K, committed 768K, reserved 1048576K
Event: 3.684 GC heap after
Heap after GC invocations=15 (full 0):
 PSYoungGen      total 18944K, used 2388K [0x00000000eab00000, 0x00000000eca80000, 0x0000000100000000)
  eden space 14848K, 0% used [0x00000000eab00000,0x00000000eab00000,0x00000000eb980000)
  from space 4096K, 58% used [0x00000000eb980000,0x00000000ebbd52f0,0x00000000ebd80000)
  to   space 4096K, 0% used [0x00000000ec680000,0x00000000ec680000,0x00000000eca80000)
 ParOldGen       total 129536K, used 18129K [0x00000000c0000000, 0x00000000c7e80000, 0x00000000eab00000)
  object space 129536K, 13% used [0x00000000c0000000,0x00000000c11b45e0,0x00000000c7e80000)
 Metaspace       used 6360K, capacity 7252K, committed 7424K, reserved 1056768K
  class space    used 648K, capacity 652K, committed 768K, reserved 1048576K
}
Event: 3.939 GC heap before
{Heap before GC invocations=16 (full 0):
 PSYoungGen      total 18944K, used 17236K [0x00000000eab00000, 0x00000000eca80000, 0x0000000100000000)
  eden space 14848K, 100% used [0x00000000eab00000,0x00000000eb980000,0x00000000eb980000)
  from space 4096K, 58% used [0x00000000eb980000,0x00000000ebbd52f0,0x00000000ebd80000)
  to   space 4096K, 0% used [0x00000000ec680000,0x00000000ec680000,0x00000000eca80000)
 ParOldGen       total 129536K, used 18129K [0x00000000c0000000, 0x00000000c7e80000, 0x00000000eab00000)
  object space 129536K, 13% used [0x00000000c0000000,0x00000000c11b45e0,0x00000000c7e80000)
 Metaspace       used 6387K, capacity 7254K, committed 7424K, reserved 1056768K
  class space    used 649K, capacity 654K, committed 768K, reserved 1048576K
Event: 3.941 GC heap after
Heap after GC invocations=16 (full 0):
 PSYoungGen      total 28160K, used 2828K [0x00000000eab00000, 0x00000000eca80000, 0x0000000100000000)
  eden space 24064K, 0% used [0x00000000eab00000,0x00000000eab00000,0x00000000ec280000)
  from space 4096K, 69% used [0x00000000ec680000,0x00000000ec943260,0x00000000eca80000)
  to   space 4096K, 0% used [0x00000000ec280000,0x00000000ec280000,0x00000000ec680000)
 ParOldGen       total 129536K, used 18145K [0x00000000c0000000, 0x00000000c7e80000, 0x00000000eab00000)
  object space 129536K, 14% used [0x00000000c0000000,0x00000000c11b85e0,0x00000000c7e80000)
 Metaspace       used 6387K, capacity 7254K, committed 7424K, reserved 1056768K
  class space    used 649K, capacity 654K, committed 768K, reserved 1048576K
}
Event: 4.165 GC heap before
{Heap before GC invocations=17 (full 0):
 PSYoungGen      total 28160K, used 26892K [0x00000000eab00000, 0x00000000eca80000, 0x0000000100000000)
  eden space 24064K, 100% used [0x00000000eab00000,0x00000000ec280000,0x00000000ec280000)
  from space 4096K, 69% used [0x00000000ec680000,0x00000000ec943260,0x00000000eca80000)
  to   space 4096K, 0% used [0x00000000ec280000,0x00000000ec280000,0x00000000ec680000)
 ParOldGen       total 129536K, used 18145K [0x00000000c0000000, 0x00000000c7e80000, 0x00000000eab00000)
  object space 129536K, 14% used [0x00000000c0000000,0x00000000c11b85e0,0x00000000c7e80000)
 Metaspace       used 6396K, capacity 7254K, committed 7424K, reserved 1056768K
  class space    used 649K, capacity 654K, committed 768K, reserved 1048576K
Event: 4.174 GC heap after
Heap after GC invocations=17 (full 0):
 PSYoungGen      total 28160K, used 2905K [0x00000000eab00000, 0x00000000ed500000, 0x0000000100000000)
  eden space 24064K, 0% used [0x00000000eab00000,0x00000000eab00000,0x00000000ec280000)
  from space 4096K, 70% used [0x00000000ec280000,0x00000000ec556400,0x00000000ec680000)
  to   space 4608K, 0% used [0x00000000ed080000,0x00000000ed080000,0x00000000ed500000)
 ParOldGen       total 129536K, used 28334K [0x00000000c0000000, 0x00000000c7e80000, 0x00000000eab00000)
  object space 129536K, 21% used [0x00000000c0000000,0x00000000c1baba98,0x00000000c7e80000)
 Metaspace       used 6396K, capacity 7254K, committed 7424K, reserved 1056768K
  class space    used 649K, capacity 654K, committed 768K, reserved 1048576K
}
Event: 4.270 GC heap before
{Heap before GC invocations=18 (full 0):
 PSYoungGen      total 28160K, used 26361K [0x00000000eab00000, 0x00000000ed500000, 0x0000000100000000)
  eden space 24064K, 97% used [0x00000000eab00000,0x00000000ec1e81a0,0x00000000ec280000)
  from space 4096K, 70% used [0x00000000ec280000,0x00000000ec556400,0x00000000ec680000)
  to   space 4608K, 0% used [0x00000000ed080000,0x00000000ed080000,0x00000000ed500000)
 ParOldGen       total 129536K, used 28334K [0x00000000c0000000, 0x00000000c7e80000, 0x00000000eab00000)
  object space 129536K, 21% used [0x00000000c0000000,0x00000000c1baba98,0x00000000c7e80000)
 Metaspace       used 6403K, capacity 7254K, committed 7424K, reserved 1056768K
  class space    used 649K, capacity 654K, committed 768K, reserved 1048576K
Event: 4.271 GC heap after
Heap after GC invocations=18 (full 0):
 PSYoungGen      total 37376K, used 1787K [0x00000000eab00000, 0x00000000ed400000, 0x0000000100000000)
  eden space 33792K, 0% used [0x00000000eab00000,0x00000000eab00000,0x00000000ecc00000)
  from space 3584K, 49% used [0x00000000ed080000,0x00000000ed23ec10,0x00000000ed400000)
  to   space 4096K, 0% used [0x00000000ecc00000,0x00000000ecc00000,0x00000000ed000000)
 ParOldGen       total 129536K, used 29707K [0x00000000c0000000, 0x00000000c7e80000, 0x00000000eab00000)
  object space 129536K, 22% used [0x00000000c0000000,0x00000000c1d02db0,0x00000000c7e80000)
 Metaspace       used 6403K, capacity 7254K, committed 7424K, reserved 1056768K
  class space    used 649K, capacity 654K, committed 768K, reserved 1048576K
}
Event: 4.377 GC heap before
{Heap before GC invocations=19 (full 0):
 PSYoungGen      total 37376K, used 35579K [0x00000000eab00000, 0x00000000ed400000, 0x0000000100000000)
  eden space 33792K, 100% used [0x00000000eab00000,0x00000000ecc00000,0x00000000ecc00000)
  from space 3584K, 49% used [0x00000000ed080000,0x00000000ed23ec10,0x00000000ed400000)
  to   space 4096K, 0% used [0x00000000ecc00000,0x00000000ecc00000,0x00000000ed000000)
 ParOldGen       total 129536K, used 29707K [0x00000000c0000000, 0x00000000c7e80000, 0x00000000eab00000)
  object space 129536K, 22% used [0x00000000c0000000,0x00000000c1d02db0,0x00000000c7e80000)
 Metaspace       used 6415K, capacity 7254K, committed 7424K, reserved 1056768K
  class space    used 649K, capacity 654K, committed 768K, reserved 1048576K
Event: 4.382 GC heap after
Heap after GC invocations=19 (full 0):
 PSYoungGen      total 37888K, used 2547K [0x00000000eab00000, 0x00000000ee180000, 0x0000000100000000)
  eden space 33792K, 0% used [0x00000000eab00000,0x00000000eab00000,0x00000000ecc00000)
  from space 4096K, 62% used [0x00000000ecc00000,0x00000000ece7cd00,0x00000000ed000000)
  to   space 4096K, 0% used [0x00000000edd80000,0x00000000edd80000,0x00000000ee180000)
 ParOldGen       total 129536K, used 32465K [0x00000000c0000000, 0x00000000c7e80000, 0x00000000eab00000)
  object space 129536K, 25% used [0x00000000c0000000,0x00000000c1fb4478,0x00000000c7e80000)
 Metaspace       used 6415K, capacity 7254K, committed 7424K, reserved 1056768K
  class space    used 649K, capacity 654K, committed 768K, reserved 1048576K
}

Deoptimization events (10 events):
Event: 4.211 Thread 0x0000000002450800 Uncommon trap: reason=class_check action=maybe_recompile pc=0x0000000002c73848 method=com.android.dx.io.instructions.InstructionCodec$6.decode(ILcom/android/dx/io/instructions/CodeInput;)Lcom/android/dx/io/instructions/DecodedInstruction; @ 1
Event: 4.211 Thread 0x0000000002450800 Uncommon trap: reason=class_check action=maybe_recompile pc=0x0000000002c73848 method=com.android.dx.io.instructions.InstructionCodec$6.decode(ILcom/android/dx/io/instructions/CodeInput;)Lcom/android/dx/io/instructions/DecodedInstruction; @ 1
Event: 4.293 Thread 0x0000000002450800 Uncommon trap: reason=class_check action=maybe_recompile pc=0x0000000002c82448 method=com.android.dx.io.instructions.InstructionCodec$6.encode(Lcom/android/dx/io/instructions/DecodedInstruction;Lcom/android/dx/io/instructions/CodeOutput;)V @ 2
Event: 4.293 Thread 0x0000000002450800 Uncommon trap: reason=class_check action=maybe_recompile pc=0x0000000002c82448 method=com.android.dx.io.instructions.InstructionCodec$6.encode(Lcom/android/dx/io/instructions/DecodedInstruction;Lcom/android/dx/io/instructions/CodeOutput;)V @ 2
Event: 4.293 Thread 0x0000000002450800 Uncommon trap: reason=class_check action=maybe_recompile pc=0x0000000002c82448 method=com.android.dx.io.instructions.InstructionCodec$6.encode(Lcom/android/dx/io/instructions/DecodedInstruction;Lcom/android/dx/io/instructions/CodeOutput;)V @ 2
Event: 4.293 Thread 0x0000000002450800 Uncommon trap: reason=class_check action=maybe_recompile pc=0x0000000002c82448 method=com.android.dx.io.instructions.InstructionCodec$6.encode(Lcom/android/dx/io/instructions/DecodedInstruction;Lcom/android/dx/io/instructions/CodeOutput;)V @ 2
Event: 4.372 Thread 0x0000000002450800 Uncommon trap: reason=class_check action=maybe_recompile pc=0x0000000002c89508 method=com.android.dx.io.instructions.InstructionCodec$16.decode(ILcom/android/dx/io/instructions/CodeInput;)Lcom/android/dx/io/instructions/DecodedInstruction; @ 1
Event: 4.372 Thread 0x0000000002450800 Uncommon trap: reason=class_check action=maybe_recompile pc=0x0000000002c89508 method=com.android.dx.io.instructions.InstructionCodec$16.decode(ILcom/android/dx/io/instructions/CodeInput;)Lcom/android/dx/io/instructions/DecodedInstruction; @ 1
Event: 4.372 Thread 0x0000000002450800 Uncommon trap: reason=class_check action=maybe_recompile pc=0x0000000002c89508 method=com.android.dx.io.instructions.InstructionCodec$16.decode(ILcom/android/dx/io/instructions/CodeInput;)Lcom/android/dx/io/instructions/DecodedInstruction; @ 1
Event: 4.372 Thread 0x0000000002450800 Uncommon trap: reason=class_check action=maybe_recompile pc=0x0000000002c89508 method=com.android.dx.io.instructions.InstructionCodec$16.decode(ILcom/android/dx/io/instructions/CodeInput;)Lcom/android/dx/io/instructions/DecodedInstruction; @ 1

Internal exceptions (2 events):
Event: 0.031 Thread 0x0000000002450800 Exception <a 'java/lang/NoSuchMethodError': Method sun.misc.Unsafe.defineClass(Ljava/lang/String;[BII)Ljava/lang/Class; name or signature does not match> (0x00000000eab0ee70) thrown at [D:\re\workspace\8-2-build-windows-amd64-cygwin\jdk8u5\2488\hotspot\src‘“3Ï1¼Ÿ?
Event: 0.031 Thread 0x0000000002450800 Exception <a 'java/lang/NoSuchMethodError': Method sun.misc.Unsafe.prefetchRead(Ljava/lang/Object;J)V name or signature does not match> (0x00000000eab0f100) thrown at [D:\re\workspace\8-2-build-windows-amd64-cygwin\jdk8u5\2488\hotspot\src\share\vm\prims\jn

Events (10 events):
Event: 4.372 Thread 0x0000000002450800 DEOPT PACKING pc=0x0000000002c89508 sp=0x000000000244ec50
Event: 4.372 Thread 0x0000000002450800 DEOPT UNPACKING pc=0x00000000025955af sp=0x000000000244ebc8 mode 2
Event: 4.372 Thread 0x0000000002450800 Uncommon trap: trap_request=0xffffffde fr.pc=0x0000000002c89508
Event: 4.372 Thread 0x0000000002450800 DEOPT PACKING pc=0x0000000002c89508 sp=0x000000000244ec50
Event: 4.372 Thread 0x0000000002450800 DEOPT UNPACKING pc=0x00000000025955af sp=0x000000000244ebc8 mode 2
Event: 4.372 Thread 0x0000000002450800 Uncommon trap: trap_request=0xffffffde fr.pc=0x0000000002c89508
Event: 4.372 Thread 0x0000000002450800 DEOPT PACKING pc=0x0000000002c89508 sp=0x000000000244ec50
Event: 4.372 Thread 0x0000000002450800 DEOPT UNPACKING pc=0x00000000025955af sp=0x000000000244ebc8 mode 2
Event: 4.377 Executing VM operation: ParallelGCFailedAllocation
Event: 4.382 Executing VM operation: ParallelGCFailedAllocation done


Dynamic libraries:
0x00007ff68f7b0000 - 0x00007ff68f7e4000 	C:\PROGRA~1\Java\JDK18~1.0_0\bin\java.exe
0x00007ffbfcd80000 - 0x00007ffbfcf2c000 	C:\Windows\SYSTEM32\ntdll.dll
0x00007ffbfcc40000 - 0x00007ffbfcd7e000 	C:\Windows\system32\KERNEL32.DLL
0x00007ffbfa060000 - 0x00007ffbfa175000 	C:\Windows\system32\KERNELBASE.dll
0x00007ffbf8a90000 - 0x00007ffbf8b1e000 	C:\Windows\system32\apphelp.dll
0x00007ffbde180000 - 0x00007ffbde1d3000 	C:\Windows\AppPatch\AppPatch64\AcGenral.DLL
0x00007ffbfa720000 - 0x00007ffbfa7ca000 	C:\Windows\system32\msvcrt.dll
0x00007ffbf9d80000 - 0x00007ffbf9dae000 	C:\Windows\SYSTEM32\SspiCli.dll
0x00007ffbfc860000 - 0x00007ffbfc8b4000 	C:\Windows\system32\SHLWAPI.dll
0x00007ffbfc8c0000 - 0x00007ffbfca37000 	C:\Windows\system32\USER32.dll
0x00007ffbfad10000 - 0x00007ffbfaea4000 	C:\Windows\system32\ole32.dll
0x00007ffbfb100000 - 0x00007ffbfc618000 	C:\Windows\system32\SHELL32.dll
0x00007ffbf9450000 - 0x00007ffbf9471000 	C:\Windows\SYSTEM32\USERENV.dll
0x00007ffbfaba0000 - 0x00007ffbfac4a000 	C:\Windows\system32\ADVAPI32.dll
0x00007ffbf1080000 - 0x00007ffbf109e000 	C:\Windows\SYSTEM32\MPR.dll
0x00007ffbfaa50000 - 0x00007ffbfab91000 	C:\Windows\system32\RPCRT4.dll
0x00007ffbfa840000 - 0x00007ffbfa899000 	C:\Windows\SYSTEM32\sechost.dll
0x00007ffbfaed0000 - 0x00007ffbfb0e1000 	C:\Windows\SYSTEM32\combase.dll
0x00007ffbfa5c0000 - 0x00007ffbfa710000 	C:\Windows\system32\GDI32.dll
0x00007ffbf9ee0000 - 0x00007ffbf9ef5000 	C:\Windows\SYSTEM32\profapi.dll
0x00007ffbf8720000 - 0x00007ffbf87d2000 	C:\Windows\SYSTEM32\SHCORE.dll
0x00007ffbfa420000 - 0x00007ffbfa456000 	C:\Windows\system32\IMM32.DLL
0x00007ffbfa460000 - 0x00007ffbfa5b1000 	C:\Windows\system32\MSCTF.dll
0x00007ffbf5ef0000 - 0x00007ffbf616a000 	C:\Windows\WinSxS\amd64_microsoft.windows.common-controls_6595b64144ccf1df_6.0.9600.17810_none_6240b9c7ecbd0bda\COMCTL32.dll
0x0000000073380000 - 0x0000000073452000 	C:\PROGRA~1\Java\JDK18~1.0_0\jre\bin\msvcr100.dll
0x00000000729b0000 - 0x00000000731da000 	C:\PROGRA~1\Java\JDK18~1.0_0\jre\bin\server\jvm.dll
0x00007ffbf8280000 - 0x00007ffbf8289000 	C:\Windows\SYSTEM32\WSOCK32.dll
0x00007ffbf1130000 - 0x00007ffbf1152000 	C:\Windows\SYSTEM32\WINMM.dll
0x00007ffbfa830000 - 0x00007ffbfa837000 	C:\Windows\system32\PSAPI.DLL
0x00007ffbfa7d0000 - 0x00007ffbfa82a000 	C:\Windows\system32\WS2_32.dll
0x00007ffbf1040000 - 0x00007ffbf106a000 	C:\Windows\SYSTEM32\WINMMBASE.dll
0x00007ffbfa410000 - 0x00007ffbfa419000 	C:\Windows\system32\NSI.dll
0x00007ffbfa3c0000 - 0x00007ffbfa40f000 	C:\Windows\SYSTEM32\cfgmgr32.dll
0x00007ffbf8cd0000 - 0x00007ffbf8cf8000 	C:\Windows\SYSTEM32\DEVOBJ.dll
0x0000000074000000 - 0x000000007400f000 	C:\PROGRA~1\Java\JDK18~1.0_0\jre\bin\verify.dll
0x00000000737d0000 - 0x00000000737f8000 	C:\PROGRA~1\Java\JDK18~1.0_0\jre\bin\java.dll
0x00000000737b0000 - 0x00000000737c6000 	C:\PROGRA~1\Java\JDK18~1.0_0\jre\bin\zip.dll
0x00007ffbf5580000 - 0x00007ffbf570a000 	C:\Windows\SYSTEM32\dbghelp.dll

VM Arguments:
jvm_args: -Xmx1024M -Xss1m -Djava.ext.dirs=C:\Users\scolary\AppData\Local\Android\sdk\build-tools\21.1.2\lib 
java_command: C:\Users\scolary\AppData\Local\Android\sdk\build-tools\21.1.2\lib\dx.jar --dex --no-optimize --output D:\project9\code\app\build\intermediates\dex\debug --input-list D:\project9\code\app\build\intermediates\tmp\dex\debug\inputList.txt
java_class_path (initial): C:\Users\scolary\AppData\Local\Android\sdk\build-tools\21.1.2\lib\dx.jar
Launcher Type: SUN_STANDARD

Environment Variables:
JAVA_HOME=C:\Program Files\Java\jdk1.8.0_05
PATH=C:\ProgramData\Oracle\Java\javapath;C:\Program Files (x86)\Python27\;C:\Program Files (x86)\Python27\Scripts;C:\Program Files\MATLAB\R2012b\runtime\win64;C:\Program Files\MATLAB\R2012b\bin;C:\Program Files (x86)\Skype\Phone\;C:\Program Files (x86)\Microsoft SQL Server\80\Tools\Binn\;C:\Users\scolary\AppData\Roaming\Python\Scripts;C:\Program Files\Java\jdk1.8.0_05\bin;C:\Windows\system32
USERNAME=scolary
OS=Windows_NT
PROCESSOR_IDENTIFIER=Intel64 Family 6 Model 60 Stepping 3, GenuineIntel



---------------  S Y S T E M  ---------------

OS: Windows 8.1 , 64 bit Build 9600 

CPU:total 4 (2 cores per cpu, 2 threads per core) family 6 model 60 stepping 3, cmov, cx8, fxsr, mmx, sse, sse2, sse3, ssse3, sse4.1, sse4.2, popcnt, avx, avx2, aes, clmul, erms, ht, tsc, tscinvbit

Memory: 4k page, physical 8306260k(579656k free), swap 12914260k(4772k free)

vm_info: Java HotSpot(TM) 64-Bit Server VM (25.5-b02) for windows-amd64 JRE (1.8.0_05-b13), built on Mar 18 2014 01:08:39 by "java_re" with MS VC++ 10.0 (VS2010)

time: Mon Mar 07 21:49:57 2016
elapsed time: 6 seconds

